<?xml version="1.0" encoding="UTF-8"?>
<!-- Generated by org.testng.reporters.JUnitXMLReporter -->
<testsuite ignored="0" hostname="SUMIT" failures="0" tests="5" name="Test" time="4.987" errors="0" timestamp="27 Aug 2023 09:24:32 GMT">
  <testcase classname="org.testing.testScripts.TC1_PostRequest" name="testcase1" time="3.003"/>
  <testcase classname="org.testing.testScripts.TC2_GetAllRequest" name="testcase2" time="0.109"/>
  <testcase classname="org.testing.testScripts.TC3_GetParticularRequest" name="testcase3" time="1.643"/>
  <testcase classname="org.testing.testScripts.TC4_PutRequest" name="testcase4" time="0.107"/>
  <testcase classname="org.testing.testScripts.TC5_DeleteRequest" name="testcase5" time="0.065"/>
</testsuite> <!-- Test -->
